<?xml version="1.0" encoding="UTF-8"?>
<testng-results ignored="0" total="2" passed="2" failed="0" skipped="0">
  <reporter-output>
  </reporter-output>
  <suite started-at="2025-09-26T13:42:37 IST" name="Suite" finished-at="2025-09-26T13:44:28 IST" duration-ms="111561">
    <groups>
      <group name="regression">
        <method signature="TC001_AccountRegistrationTest.verify_account_registration()[pri:0, instance:testCases.TC001_AccountRegistrationTest@14fc1f0]" name="verify_account_registration" class="testCases.TC001_AccountRegistrationTest"/>
      </group> <!-- regression -->
      <group name="sanity">
        <method signature="TC002_LoginTest.verfiy_login()[pri:0, instance:testCases.TC002_LoginTest@1458ed9c]" name="verfiy_login" class="testCases.TC002_LoginTest"/>
      </group> <!-- sanity -->
      <group name="master">
        <method signature="TC001_AccountRegistrationTest.verify_account_registration()[pri:0, instance:testCases.TC001_AccountRegistrationTest@14fc1f0]" name="verify_account_registration" class="testCases.TC001_AccountRegistrationTest"/>
        <method signature="TC002_LoginTest.verfiy_login()[pri:0, instance:testCases.TC002_LoginTest@1458ed9c]" name="verfiy_login" class="testCases.TC002_LoginTest"/>
      </group> <!-- master -->
    </groups>
    <test started-at="2025-09-26T13:42:37 IST" name="Test" finished-at="2025-09-26T13:44:28 IST" duration-ms="111561">
      <class name="testCases.TC002_LoginTest">
        <test-method is-config="true" signature="setup(java.lang.String,java.lang.String)[pri:0, instance:testCases.TC002_LoginTest@1458ed9c]" started-at="2025-09-26T13:43:29 IST" name="setup" finished-at="2025-09-26T13:43:41 IST" duration-ms="11878" status="PASS">
          <params>
            <param index="0">
              <value>
                <![CDATA[windows]]>
              </value>
            </param>
            <param index="1">
              <value>
                <![CDATA[chrome]]>
              </value>
            </param>
          </params>
          <reporter-output>
          </reporter-output>
        </test-method> <!-- setup -->
        <test-method signature="verfiy_login()[pri:0, instance:testCases.TC002_LoginTest@1458ed9c]" started-at="2025-09-26T13:43:41 IST" name="verfiy_login" finished-at="2025-09-26T13:44:28 IST" duration-ms="46970" status="PASS">
          <reporter-output>
          </reporter-output>
        </test-method> <!-- verfiy_login -->
        <test-method is-config="true" signature="tearDown()[pri:0, instance:testCases.TC002_LoginTest@1458ed9c]" started-at="2025-09-26T13:44:28 IST" name="tearDown" finished-at="2025-09-26T13:44:28 IST" duration-ms="672" status="PASS">
          <reporter-output>
          </reporter-output>
        </test-method> <!-- tearDown -->
      </class> <!-- testCases.TC002_LoginTest -->
      <class name="testCases.TC001_AccountRegistrationTest">
        <test-method is-config="true" signature="setup(java.lang.String,java.lang.String)[pri:0, instance:testCases.TC001_AccountRegistrationTest@14fc1f0]" started-at="2025-09-26T13:42:37 IST" name="setup" finished-at="2025-09-26T13:42:48 IST" duration-ms="10488" status="PASS">
          <params>
            <param index="0">
              <value>
                <![CDATA[windows]]>
              </value>
            </param>
            <param index="1">
              <value>
                <![CDATA[chrome]]>
              </value>
            </param>
          </params>
          <reporter-output>
          </reporter-output>
        </test-method> <!-- setup -->
        <test-method signature="verify_account_registration()[pri:0, instance:testCases.TC001_AccountRegistrationTest@14fc1f0]" started-at="2025-09-26T13:42:48 IST" name="verify_account_registration" finished-at="2025-09-26T13:43:28 IST" duration-ms="39881" status="PASS">
          <reporter-output>
          </reporter-output>
        </test-method> <!-- verify_account_registration -->
        <test-method is-config="true" signature="tearDown()[pri:0, instance:testCases.TC001_AccountRegistrationTest@14fc1f0]" started-at="2025-09-26T13:43:28 IST" name="tearDown" finished-at="2025-09-26T13:43:29 IST" duration-ms="861" status="PASS">
          <reporter-output>
          </reporter-output>
        </test-method> <!-- tearDown -->
      </class> <!-- testCases.TC001_AccountRegistrationTest -->
    </test> <!-- Test -->
  </suite> <!-- Suite -->
</testng-results>
